<?xml version="1.0" encoding="UTF-8"?>
<!-- Generated by org.testng.reporters.JUnitReportReporter -->
<testsuite hostname="MSI" failures="0" tests="1" name="testNGExample.TestNGAnnotationExample3" time="0.013" errors="0" timestamp="2024-07-15T09:19:11 IST" skipped="0">
  <testcase classname="testNGExample.TestNGAnnotationExample3" name="payment" time="0.013"/>
  <system-out/>
</testsuite> <!-- testNGExample.TestNGAnnotationExample3 -->
