<?xml version="1.0" encoding="UTF-8"?>
<!-- Generated by org.testng.reporters.JUnitReportReporter -->
<testsuite hostname="MSI" failures="0" tests="3" name="testNGExample1.TestNGAnnotatoinExample" time="15.406" errors="0" timestamp="2024-07-15T09:46:44 IST" skipped="0">
  <testcase classname="testNGExample1.TestNGAnnotatoinExample" name="payment" time="6.013"/>
  <system-out/>
  <testcase classname="testNGExample1.TestNGAnnotatoinExample" name="logout" time="5.091"/>
  <system-out/>
  <testcase classname="testNGExample1.TestNGAnnotatoinExample" name="login" time="4.302"/>
  <system-out/>
</testsuite> <!-- testNGExample1.TestNGAnnotatoinExample -->
