<?xml version="1.0" encoding="UTF-8"?>
<!-- Generated by org.testng.reporters.JUnitReportReporter -->
<testsuite hostname="MSI" failures="0" tests="2" name="testNGExample.TestNGAnnotationExample" time="0.025" errors="0" timestamp="2024-07-15T10:18:10 IST" skipped="0">
  <testcase classname="testNGExample.TestNGAnnotationExample" name="login" time="0.014"/>
  <system-out/>
  <testcase classname="testNGExample.TestNGAnnotationExample" name="logout" time="0.011"/>
  <system-out/>
</testsuite> <!-- testNGExample.TestNGAnnotationExample -->
