<?xml version="1.0" encoding="UTF-8"?>
<!-- Generated by org.testng.reporters.JUnitReportReporter -->
<testsuite hostname="MSI" failures="0" tests="1" name="datePickerExample.Ex2_DatePickerExample" time="6.846" errors="0" timestamp="2024-07-17T09:00:38 IST" skipped="0">
  <testcase classname="datePickerExample.Ex2_DatePickerExample" name="dateTimePicker" time="6.846"/>
  <system-out/>
</testsuite> <!-- datePickerExample.Ex2_DatePickerExample -->
