<?xml version="1.0" encoding="UTF-8"?>
<!-- Generated by org.testng.reporters.JUnitReportReporter -->
<testsuite hostname="MSI" failures="0" tests="1" name="datePickerExample.Ex2_DatePickerExample2" time="10.737" errors="0" timestamp="2024-07-17T09:02:07 IST" skipped="0">
  <testcase classname="datePickerExample.Ex2_DatePickerExample2" name="dateTimePicker" time="10.737"/>
  <system-out/>
</testsuite> <!-- datePickerExample.Ex2_DatePickerExample2 -->
