<?xml version="1.0" encoding="UTF-8"?>
<!-- Generated by org.testng.reporters.JUnitReportReporter -->
<testsuite hostname="MSI" failures="0" tests="1" name="datePickerExample.Ex1_DatePickerExample_Guru99" time="12.159" errors="0" timestamp="2024-07-17T08:59:35 IST" skipped="0">
  <testcase classname="datePickerExample.Ex1_DatePickerExample_Guru99" name="dateTimePicker" time="12.159"/>
  <system-out/>
</testsuite> <!-- datePickerExample.Ex1_DatePickerExample_Guru99 -->
