<?xml version="1.0" encoding="UTF-8"?>
<!-- Generated by org.testng.reporters.JUnitReportReporter -->
<testsuite hostname="MSI" failures="0" tests="1" name="datePickerExample.Ex4_DatePickerTests_Function" time="15.803" errors="0" timestamp="2024-07-17T09:06:56 IST" skipped="0">
  <testcase classname="datePickerExample.Ex4_DatePickerTests_Function" name="turkishAirlinesDatePicker" time="15.803"/>
  <system-out/>
</testsuite> <!-- datePickerExample.Ex4_DatePickerTests_Function -->
