<?xml version="1.0" encoding="UTF-8"?>
<!-- Generated by org.testng.reporters.JUnitReportReporter -->
<testsuite hostname="MSI" failures="0" tests="6" name="testNGExample1.TestNGPriorityExample" time="0.023" errors="0" timestamp="2024-07-15T10:01:56 IST" skipped="0">
  <testcase classname="testNGExample1.TestNGPriorityExample" name="login" time="0.013"/>
  <system-out/>
  <testcase classname="testNGExample1.TestNGPriorityExample" name="addItem" time="0.003"/>
  <system-out/>
  <testcase classname="testNGExample1.TestNGPriorityExample" name="payment" time="0.001"/>
  <system-out/>
  <testcase classname="testNGExample1.TestNGPriorityExample" name="UPIpayment" time="0.002"/>
  <system-out/>
  <testcase classname="testNGExample1.TestNGPriorityExample" name="cancelOrder" time="0.002"/>
  <system-out/>
  <testcase classname="testNGExample1.TestNGPriorityExample" name="logout" time="0.002"/>
  <system-out/>
</testsuite> <!-- testNGExample1.TestNGPriorityExample -->
